[00:16:33] [ServerMain/INFO]: Environment: authHost='https://authserver.mojang.com', accountsHost='https://api.mojang.com', sessionHost='https://sessionserver.mojang.com', servicesHost='https://api.minecraftservices.com', name='PROD'
[00:16:39] [ServerMain/WARN]: Ambiguity between arguments [teleport, location] and [teleport, destination] with inputs: [0.1 -0.5 .9, 0 0 0]
[00:16:39] [ServerMain/WARN]: Ambiguity between arguments [teleport, location] and [teleport, targets] with inputs: [0.1 -0.5 .9, 0 0 0]
[00:16:39] [ServerMain/WARN]: Ambiguity between arguments [teleport, destination] and [teleport, targets] with inputs: [Player, 0123, @e, dd12be42-52a9-4a91-a8a1-11c01849e498]
[00:16:39] [ServerMain/WARN]: Ambiguity between arguments [teleport, targets] and [teleport, destination] with inputs: [Player, 0123, dd12be42-52a9-4a91-a8a1-11c01849e498]
[00:16:39] [ServerMain/WARN]: Ambiguity between arguments [teleport, targets, location] and [teleport, targets, destination] with inputs: [0.1 -0.5 .9, 0 0 0]
[00:16:41] [Worker-Main-2/INFO]: Loaded 7 recipes
[00:16:42] [Worker-Main-2/INFO]: Loaded 1141 advancements
[00:16:47] [Server thread/INFO]: Starting minecraft server version 1.18.2
[00:16:47] [Server thread/INFO]: Loading properties
[00:16:47] [Server thread/INFO]: Default game type: SURVIVAL
[00:16:47] [Server thread/INFO]: Generating keypair
[00:16:48] [Server thread/INFO]: Starting Minecraft server on *:25565
[00:16:48] [Server thread/INFO]: Using epoll channel type
[00:16:48] [Server thread/WARN]: **** SERVER IS RUNNING IN OFFLINE/INSECURE MODE!
[00:16:48] [Server thread/WARN]: The server will make no attempt to authenticate usernames. Beware.
[00:16:48] [Server thread/WARN]: While this makes the game possible to play without internet access, it also opens up the ability for hackers to connect with any username they choose.
[00:16:48] [Server thread/WARN]: To change this, set "online-mode" to "true" in the server.properties file.
[00:16:49] [Server thread/INFO]: Preparing level "world"
[00:16:58] [Server thread/INFO]: Preparing start region for dimension minecraft:overworld
[00:17:04] [Worker-Main-2/INFO]: Preparing spawn area: 0%
[00:17:04] [Worker-Main-2/INFO]: Preparing spawn area: 0%
[00:17:04] [Worker-Main-2/INFO]: Preparing spawn area: 0%
[00:17:04] [Worker-Main-2/INFO]: Preparing spawn area: 0%
[00:17:04] [Worker-Main-2/INFO]: Preparing spawn area: 0%
[00:17:04] [Worker-Main-2/INFO]: Preparing spawn area: 0%
[00:17:04] [Worker-Main-2/INFO]: Preparing spawn area: 0%
[00:17:04] [Worker-Main-2/INFO]: Preparing spawn area: 0%
[00:17:04] [Worker-Main-2/INFO]: Preparing spawn area: 0%
[00:17:04] [Worker-Main-2/INFO]: Preparing spawn area: 0%
[00:17:04] [Worker-Main-2/INFO]: Preparing spawn area: 0%
[00:17:04] [Worker-Main-2/INFO]: Preparing spawn area: 0%
[00:17:04] [Worker-Main-2/INFO]: Preparing spawn area: 0%
[00:17:05] [Worker-Main-2/INFO]: Preparing spawn area: 0%
[00:17:05] [Worker-Main-2/INFO]: Preparing spawn area: 0%
[00:17:06] [Worker-Main-2/INFO]: Preparing spawn area: 0%
[00:17:06] [Worker-Main-2/INFO]: Preparing spawn area: 0%
[00:17:07] [Worker-Main-2/INFO]: Preparing spawn area: 0%
[00:17:07] [Worker-Main-2/INFO]: Preparing spawn area: 0%
[00:17:08] [Worker-Main-2/INFO]: Preparing spawn area: 0%
[00:17:08] [Worker-Main-2/INFO]: Preparing spawn area: 0%
[00:17:09] [Worker-Main-2/INFO]: Preparing spawn area: 0%
[00:17:09] [Worker-Main-2/INFO]: Preparing spawn area: 1%
[00:17:10] [Worker-Main-2/INFO]: Preparing spawn area: 4%
[00:17:11] [Worker-Main-2/INFO]: Preparing spawn area: 4%
[00:17:11] [Worker-Main-2/INFO]: Preparing spawn area: 4%
[00:17:11] [Worker-Main-2/INFO]: Preparing spawn area: 5%
[00:17:12] [Worker-Main-2/INFO]: Preparing spawn area: 7%
[00:17:12] [Worker-Main-2/INFO]: Preparing spawn area: 12%
[00:17:13] [Worker-Main-2/INFO]: Preparing spawn area: 16%
[00:17:13] [Worker-Main-2/INFO]: Preparing spawn area: 17%
[00:17:14] [Worker-Main-2/INFO]: Preparing spawn area: 17%
[00:17:14] [Worker-Main-2/INFO]: Preparing spawn area: 20%
[00:17:15] [Worker-Main-2/INFO]: Preparing spawn area: 31%
[00:17:15] [Worker-Main-2/INFO]: Preparing spawn area: 37%
[00:17:16] [Worker-Main-2/INFO]: Preparing spawn area: 41%
[00:17:17] [Worker-Main-2/INFO]: Preparing spawn area: 51%
[00:17:17] [Worker-Main-2/INFO]: Preparing spawn area: 61%
[00:17:17] [Worker-Main-2/INFO]: Preparing spawn area: 79%
[00:17:18] [Worker-Main-2/INFO]: Preparing spawn area: 89%
[00:17:19] [Server thread/INFO]: Time elapsed: 20405 ms
[00:17:19] [Server thread/INFO]: Done (30.364s)! For help, type "help"
[00:17:21] [Server thread/ERROR]: Couldn't load server icon
java.lang.IllegalStateException: Must be 64 pixels wide
	at org.apache.commons.lang3.Validate.validState(Validate.java:816) ~[commons-lang3-3.12.0.jar:3.12.0]
	at net.minecraft.server.MinecraftServer.a(SourceFile:819) ~[server-1.18.2.jar:?]
	at java.util.Optional.ifPresent(Optional.java:178) ~[?:?]
	at net.minecraft.server.MinecraftServer.a(SourceFile:816) ~[server-1.18.2.jar:?]
	at net.minecraft.server.MinecraftServer.w(SourceFile:676) ~[server-1.18.2.jar:?]
	at net.minecraft.server.MinecraftServer.a(SourceFile:273) ~[server-1.18.2.jar:?]
	at java.lang.Thread.run(Thread.java:840) [?:?]
[00:17:34] [Server thread/INFO]: SantRss29[/127.166.110.161:59787] logged in with entity id 28 at (-580.745903128917, 63.0, -689.8514232922606)
[00:17:35] [Server thread/INFO]: SantRss29 joined the game
[00:17:37] [Server thread/WARN]: Can't keep up! Is the server overloaded? Running 2009ms or 40 ticks behind
[00:17:54] [Server thread/INFO]: [SantRss29: Set own game mode to Survival Mode]
[00:18:01] [Server thread/INFO]: [SantRss29: Made SantRss29 no longer a server operator]
[00:18:14] [Server thread/INFO]: Made SantRss29 a server operator
[00:18:23] [Server thread/INFO]: [SantRss29: Gamerule keepInventory is now set to: true]
[00:18:31] [Server thread/INFO]: [SantRss29: Made SantRss29 no longer a server operator]
[00:21:46] [Server thread/INFO]: umpichechi[/127.29.139.103:42453] logged in with entity id 939 at (-416.5, 66.0, -392.5)
[00:21:46] [Server thread/INFO]: umpichechi joined the game
[00:22:10] [Server thread/INFO]: Unknown or incomplete command, see below for error
[00:22:10] [Server thread/INFO]:  Kill SantRss29<--[HERE]
[00:22:20] [Server thread/INFO]: SantRss29 fell out of the world
[00:22:20] [Server thread/INFO]: Killed SantRss29
[00:22:30] [Server thread/WARN]: Mismatch in destroy block pos: gj{x=0, y=0, z=0} gj{x=-418, y=67, z=-397}
[00:22:31] [Server thread/WARN]: Mismatch in destroy block pos: gj{x=0, y=0, z=0} gj{x=-416, y=68, z=-398}
[00:22:33] [Server thread/WARN]: Mismatch in destroy block pos: gj{x=0, y=0, z=0} gj{x=-414, y=68, z=-399}
[00:22:33] [Server thread/WARN]: Mismatch in destroy block pos: gj{x=0, y=0, z=0} gj{x=-414, y=68, z=-400}
[00:22:34] [Server thread/WARN]: Mismatch in destroy block pos: gj{x=0, y=0, z=0} gj{x=-416, y=68, z=-398}
[00:22:34] [Server thread/WARN]: Mismatch in destroy block pos: gj{x=0, y=0, z=0} gj{x=-414, y=67, z=-400}
[00:22:34] [Server thread/WARN]: Mismatch in destroy block pos: gj{x=0, y=0, z=0} gj{x=-416, y=68, z=-398}
[00:22:34] [Server thread/WARN]: Mismatch in destroy block pos: gj{x=0, y=0, z=0} gj{x=-415, y=67, z=-400}
[00:22:34] [Server thread/WARN]: Mismatch in destroy block pos: gj{x=0, y=0, z=0} gj{x=-416, y=68, z=-398}
[00:22:34] [Server thread/WARN]: Mismatch in destroy block pos: gj{x=0, y=0, z=0} gj{x=-415, y=67, z=-400}
[00:22:36] [Server thread/WARN]: Mismatch in destroy block pos: gj{x=0, y=0, z=0} gj{x=-415, y=68, z=-397}
[00:22:36] [Server thread/WARN]: Mismatch in destroy block pos: gj{x=0, y=0, z=0} gj{x=-416, y=68, z=-395}
[00:23:07] [Server thread/WARN]: Ignoring unknown attribute 'forge:step_height_addition'
[00:23:07] [Server thread/WARN]: Ignoring unknown attribute 'forge:entity_gravity'
[00:23:15] [Server thread/WARN]: Mismatch in destroy block pos: gj{x=0, y=0, z=0} gj{x=-414, y=69, z=-404}
[00:23:28] [Server thread/WARN]: Skipping Entity with id iceandfire:hippocampus
[00:24:17] [Server thread/INFO]: umpichechi has made the advancement [Stone Age]
[00:24:56] [Server thread/INFO]: umpichechi has made the advancement [Getting an Upgrade]
[00:25:30] [Server thread/INFO]: SantRss29 has made the advancement [Getting an Upgrade]
[00:25:52] [Server thread/INFO]: umpichechi has made the advancement [Monster Hunter]
[00:25:59] [Server thread/INFO]: SantRss29 has made the advancement [Monster Hunter]
[00:27:43] [Server thread/INFO]: SantRss29 has made the advancement [Stone Age]
[00:29:06] [Server thread/INFO]: SantRss29 drowned
[00:36:32] [Server thread/WARN]: Mismatch in destroy block pos: gj{x=-463, y=27, z=-483} gj{x=-463, y=28, z=-481}
[00:38:26] [Server thread/INFO]: SantRss29 has made the advancement [Acquire Hardware]
[00:38:44] [Server thread/INFO]: SantRss29 has made the advancement [Isn't It Iron Pick]
[00:39:52] [Server thread/INFO]: SantRss29 has made the advancement [Diamonds!]
[00:44:26] [Server thread/INFO]: SantRss29 has made the advancement [Suit Up]
[00:44:50] [Server thread/INFO]: umpichechi has made the advancement [Acquire Hardware]
[00:45:00] [Server thread/INFO]: umpichechi has made the advancement [Isn't It Iron Pick]
[00:45:12] [Server thread/WARN]: Mismatch in destroy block pos: gj{x=-548, y=1, z=-448} gj{x=-549, y=1, z=-448}
[00:45:12] [Server thread/WARN]: Mismatch in destroy block pos: gj{x=-548, y=1, z=-448} gj{x=-549, y=1, z=-448}
[00:45:41] [Server thread/INFO]: umpichechi has made the advancement [Suit Up]
[00:46:13] [Server thread/INFO]: umpichechi has made the advancement [The Cutest Predator]
[00:49:57] [Server thread/WARN]: Mismatch in destroy block pos: gj{x=-554, y=16, z=-475} gj{x=-555, y=16, z=-475}
[00:53:00] [Server thread/WARN]: Mismatch in destroy block pos: gj{x=-531, y=18, z=-472} gj{x=-532, y=20, z=-471}
[00:53:00] [Server thread/WARN]: Mismatch in destroy block pos: gj{x=-531, y=18, z=-472} gj{x=-532, y=20, z=-471}
[00:53:27] [Server thread/WARN]: Mismatch in destroy block pos: gj{x=-508, y=22, z=-486} gj{x=-507, y=25, z=-486}
[00:53:27] [Server thread/WARN]: Mismatch in destroy block pos: gj{x=-507, y=22, z=-486} gj{x=-507, y=25, z=-486}
[00:53:27] [Server thread/WARN]: Mismatch in destroy block pos: gj{x=-507, y=21, z=-486} gj{x=-507, y=25, z=-486}
[00:55:09] [Server thread/WARN]: Mismatch in destroy block pos: gj{x=-575, y=16, z=-450} gj{x=-575, y=17, z=-450}
[00:58:53] [Server thread/INFO]: SantRss29 fell from a high place
[00:59:29] [Server thread/INFO]: Made SantRss29 a server operator
[00:59:42] [Server thread/INFO]: [SantRss29: Teleported SantRss29 to umpichechi]
[00:59:48] [Server thread/INFO]: [SantRss29: Made SantRss29 no longer a server operator]
[01:00:01] [Server thread/WARN]: Mismatch in destroy block pos: gj{x=-410, y=-35, z=-419} gj{x=-407, y=-38, z=-413}
[01:00:08] [Server thread/WARN]: Mismatch in destroy block pos: gj{x=-410, y=-35, z=-419} gj{x=-407, y=-37, z=-403}
[01:12:31] [Server thread/WARN]: Mismatch in destroy block pos: gj{x=-326, y=-43, z=-450} gj{x=-326, y=-42, z=-454}
[01:12:31] [Server thread/WARN]: Mismatch in destroy block pos: gj{x=-326, y=-43, z=-450} gj{x=-326, y=-42, z=-454}
[01:12:44] [Server thread/WARN]: Mismatch in destroy block pos: gj{x=-300, y=-29, z=-441} gj{x=-299, y=-29, z=-441}
[01:13:49] [Server thread/WARN]: Mismatch in destroy block pos: gj{x=-286, y=3, z=-421} gj{x=-286, y=2, z=-420}
[01:14:10] [Server thread/INFO]: umpichechi fell from a high place
[01:14:48] [Server thread/WARN]: Mismatch in destroy block pos: gj{x=0, y=0, z=0} gj{x=-400, y=69, z=-393}
[01:20:01] [Server thread/INFO]: umpichechi fell from a high place
[01:20:50] [Server thread/INFO]: SantRss29 fell from a high place
[01:20:55] [Server thread/INFO]: umpichechi has made the advancement [Fishy Business]
[01:23:24] [Server thread/INFO]: SantRss29 has made the advancement [Ice Bucket Challenge]
[01:33:43] [Server thread/INFO]: SantRss29 has made the advancement [Sweet Dreams]
[01:33:47] [Server thread/INFO]: umpichechi has made the advancement [Sweet Dreams]
[01:35:20] [Server thread/INFO]: SantRss29 was impaled by Drowned
[01:36:13] [Server thread/INFO]: SantRss29 was impaled by Drowned
[01:36:55] [Server thread/INFO]: SantRss29 drowned
[01:41:33] [Server thread/INFO]: SantRss29 has made the advancement [We Need to Go Deeper]
[01:41:33] [Server thread/WARN]: Can't keep up! Is the server overloaded? Running 2825ms or 56 ticks behind
[01:41:35] [Server thread/INFO]: umpichechi has made the advancement [We Need to Go Deeper]
[01:41:58] [Server thread/WARN]: Ignoring unknown attribute 'forge:step_height_addition'
[01:41:58] [Server thread/WARN]: Ignoring unknown attribute 'forge:entity_gravity'
[01:42:37] [Server thread/INFO]: umpichechi fell from a high place
[01:43:11] [Server thread/INFO]: SantRss29 has made the advancement [A Terrible Fortress]
[01:43:18] [Server thread/INFO]: umpichechi has made the advancement [A Terrible Fortress]
[01:44:25] [Server thread/INFO]: SantRss29 was burnt to a crisp whilst fighting Blaze
[01:46:37] [Server thread/INFO]: SantRss29 has made the advancement [Into Fire]
[01:47:20] [Server thread/INFO]: umpichechi has made the advancement [Into Fire]
[01:47:51] [Server thread/INFO]: SantRss29 fell from a high place
[01:49:20] [Server thread/INFO]: umpichechi was fireballed by Blaze
[01:49:39] [Server thread/INFO]: SantRss29 has made the advancement [Not Today, Thank You]
[01:51:33] [Server thread/INFO]: umpichechi has made the advancement [Not Today, Thank You]
[01:51:40] [Server thread/INFO]: umpichechi burned to death
[01:51:42] [Server thread/INFO]: SantRss29 was fireballed by Blaze
[01:52:17] [Server thread/INFO]: SantRss29 tried to swim in lava
[01:54:06] [Server thread/INFO]: SantRss29 burned to death
[01:54:08] [Server thread/INFO]: umpichechi was fireballed by Blaze
[01:54:39] [Server thread/INFO]: SantRss29 tried to swim in lava to escape umpichechi
[01:55:12] [Server thread/INFO]: SantRss29 burned to death
[01:55:40] [Server thread/INFO]: umpichechi has made the advancement [Take Aim]
[01:57:30] [Server thread/INFO]: SantRss29 was slain by umpichechi
[01:57:58] [Server thread/WARN]: Ignoring unknown attribute 'forge:step_height_addition'
[01:57:58] [Server thread/WARN]: Ignoring unknown attribute 'forge:entity_gravity'
[01:58:16] [Server thread/INFO]: umpichechi fell from a high place
[02:01:56] [Server thread/INFO]: umpichechi has made the advancement [Who is Cutting Onions?]
[02:02:17] [Server thread/INFO]: SantRss29 was slain by Zombified Piglin
[02:02:44] [Server thread/INFO]: umpichechi has made the advancement [Ice Bucket Challenge]
[02:03:51] [Server thread/INFO]: umpichechi has made the advancement [Ol' Betsy]
[02:05:36] [Server thread/INFO]: SantRss29 was shot by Piglin
[02:06:00] [Server thread/INFO]: Unknown or incomplete command, see below for error
[02:06:00] [Server thread/INFO]:      /tp SantRss29 umpichechi<--[HERE]
[02:06:34] [Server thread/INFO]: Incorrect argument for command
[02:06:34] [Server thread/INFO]: ... SantRss29 <--[HERE]
[02:06:46] [Server thread/INFO]: Made SantRss29 a server operator
[02:06:50] [Server thread/INFO]: [SantRss29: Teleported SantRss29 to umpichechi]
